C:/TEMPO/ProcLib/RIGSETUP.pro(15) : ERROR Error - 'Scr_width' not explicitly declared.
C:/TEMPO/ProcLib/RIGSETUP.pro(16) : ERROR Error - 'Scr_height' not explicitly declared.
C:/TEMPO/ProcLib/RIGSETUP.pro(17) : ERROR Error - 'Subj_dist' not explicitly declared.
C:/TEMPO/ProcLib/RIGSETUP.pro(20) : ERROR Error - 'PD_left' not explicitly declared.
C:/TEMPO/ProcLib/RIGSETUP.pro(21) : ERROR Error - 'PD_bottom' not explicitly declared.
C:/TEMPO/ProcLib/RIGSETUP.pro(22) : ERROR Error - 'PD_size' not explicitly declared.
C:/TEMPO/ProcLib/RIGSETUP.pro(25) : ERROR Error - 'Scr_pixX' not explicitly declared.
C:/TEMPO/ProcLib/RIGSETUP.pro(26) : ERROR Error - 'Scr_pixY' not explicitly declared.
C:/TEMPO/ProcLib/RIGSETUP.pro(27) : ERROR Error - 'Refresh_rate' not explicitly declared.
C:/TEMPO/ProcLib/RIGSETUP.pro(31) : ERROR Error - 'X_Gain' not explicitly declared.
C:/TEMPO/ProcLib/RIGSETUP.pro(32) : ERROR Error - 'Y_Gain' not explicitly declared.
C:/TEMPO/ProcLib/RIGSETUP.pro(35) : ERROR Error - 'Juice_channel' not explicitly declared.
C:/TEMPO/ProcLib/RIGSETUP.pro(36) : ERROR Error - 'Stim_channel' not explicitly declared.
C:/TEMPO/ProcLib/RIGSETUP.pro(37) : ERROR Error - 'Eye_X_channel' not explicitly declared.
C:/TEMPO/ProcLib/RIGSETUP.pro(38) : ERROR Error - 'Eye_Y_channel' not explicitly declared.
C:/TEMPO/ProcLib/RIGSETUP.pro(39) : ERROR Error - 'PhotoD_channel' not explicitly declared.
C:/TEMPO/ProcLib/RIGSETUP.pro(40) : ERROR Error - 'MaxVoltage' not explicitly declared.
C:/TEMPO/ProcLib/RIGSETUP.pro(42) : ERROR Error - 'AnalogUnits' not explicitly declared.
C:/TEMPO/ProcLib/RIGSETUP.pro(45) : ERROR Error - 'CheckMouth' not explicitly declared.
C:/TEMPO/ProcLib/RIGSETUP.pro(46) : ERROR Error - 'CheckBody' not explicitly declared.
C:/TEMPO/ProcLib/RIGSETUP.pro(49) : ERROR Error - 'redVal' not explicitly declared.
C:/TEMPO/ProcLib/RIGSETUP.pro(50) : ERROR Error - 'greenVal' not explicitly declared.
C:/TEMPO/ProcLib/RIGSETUP.pro(51) : ERROR Error - 'blueVal' not explicitly declared.
C:/TEMPO/ProcLib/RIGSETUP.pro(52) : ERROR Error - 'yrOff' not explicitly declared.
C:/TEMPO/ProcLib/RIGSETUP.pro(53) : ERROR Error - 'ygOff' not explicitly declared.
C:/TEMPO/ProcLib/RIGSETUP.pro(54) : ERROR Error - 'mrOff' not explicitly declared.
C:/TEMPO/ProcLib/RIGSETUP.pro(55) : ERROR Error - 'mbOff' not explicitly declared.
C:/TEMPO/ProcLib/RIGSETUP.pro(56) : ERROR Error - 'cgOff' not explicitly declared.
C:/TEMPO/ProcLib/RIGSETUP.pro(57) : ERROR Error - 'cbOff' not explicitly declared.
C:/TEMPO/ProcLib/RIGSETUP.pro(58) : ERROR Error - 'wrOff' not explicitly declared.
C:/TEMPO/ProcLib/RIGSETUP.pro(59) : ERROR Error - 'wgOff' not explicitly declared.
C:/TEMPO/ProcLib/RIGSETUP.pro(60) : ERROR Error - 'wbOff' not explicitly declared.
C:/TEMPO/ProcLib/RIGSETUP.pro(68) : ERROR Error - 'Scr_width' not explicitly declared.
C:/TEMPO/ProcLib/RIGSETUP.pro(69) : ERROR Error - 'Scr_height' not explicitly declared.
C:/TEMPO/ProcLib/RIGSETUP.pro(70) : ERROR Error - 'Subj_dist' not explicitly declared.
C:/TEMPO/ProcLib/RIGSETUP.pro(73) : ERROR Error - 'PD_left' not explicitly declared.
C:/TEMPO/ProcLib/RIGSETUP.pro(74) : ERROR Error - 'PD_bottom' not explicitly declared.
C:/TEMPO/ProcLib/RIGSETUP.pro(75) : ERROR Error - 'PD_size' not explicitly declared.
C:/TEMPO/ProcLib/RIGSETUP.pro(78) : ERROR Error - 'Scr_pixX' not explicitly declared.
C:/TEMPO/ProcLib/RIGSETUP.pro(79) : ERROR Error - 'Scr_pixY' not explicitly declared.
C:/TEMPO/ProcLib/RIGSETUP.pro(80) : ERROR Error - 'Refresh_rate' not explicitly declared.
C:/TEMPO/ProcLib/RIGSETUP.pro(83) : ERROR Error - 'X_Gain' not explicitly declared.
C:/TEMPO/ProcLib/RIGSETUP.pro(84) : ERROR Error - 'Y_Gain' not explicitly declared.
C:/TEMPO/ProcLib/RIGSETUP.pro(87) : ERROR Error - 'Juice_channel' not explicitly declared.
C:/TEMPO/ProcLib/RIGSETUP.pro(88) : ERROR Error - 'Stim_channel' not explicitly declared.
C:/TEMPO/ProcLib/RIGSETUP.pro(89) : ERROR Error - 'Eye_X_channel' not explicitly declared.
C:/TEMPO/ProcLib/RIGSETUP.pro(90) : ERROR Error - 'Eye_Y_channel' not explicitly declared.
C:/TEMPO/ProcLib/RIGSETUP.pro(91) : ERROR Error - 'PhotoD_channel' not explicitly declared.
C:/TEMPO/ProcLib/RIGSETUP.pro(92) : ERROR Error - 'MaxVoltage' not explicitly declared.
C:/TEMPO/ProcLib/RIGSETUP.pro(93) : ERROR Error - 'AnalogUnits' not explicitly declared.
C:/TEMPO/ProcLib/RIGSETUP.pro(97) : ERROR Error - 'CheckMouth' not explicitly declared.
C:/TEMPO/ProcLib/RIGSETUP.pro(98) : ERROR Error - 'CheckBody' not explicitly declared.
C:/TEMPO/ProcLib/RIGSETUP.pro(101) : ERROR Error - 'redVal' not explicitly declared.
C:/TEMPO/ProcLib/RIGSETUP.pro(102) : ERROR Error - 'greenVal' not explicitly declared.
C:/TEMPO/ProcLib/RIGSETUP.pro(103) : ERROR Error - 'blueVal' not explicitly declared.
C:/TEMPO/ProcLib/RIGSETUP.pro(104) : ERROR Error - 'yrOff' not explicitly declared.
C:/TEMPO/ProcLib/RIGSETUP.pro(105) : ERROR Error - 'ygOff' not explicitly declared.
C:/TEMPO/ProcLib/RIGSETUP.pro(106) : ERROR Error - 'mrOff' not explicitly declared.
C:/TEMPO/ProcLib/RIGSETUP.pro(107) : ERROR Error - 'mbOff' not explicitly declared.
C:/TEMPO/ProcLib/RIGSETUP.pro(108) : ERROR Error - 'cgOff' not explicitly declared.
C:/TEMPO/ProcLib/RIGSETUP.pro(109) : ERROR Error - 'cbOff' not explicitly declared.
C:/TEMPO/ProcLib/RIGSETUP.pro(110) : ERROR Error - 'wrOff' not explicitly declared.
C:/TEMPO/ProcLib/RIGSETUP.pro(111) : ERROR Error - 'wgOff' not explicitly declared.
C:/TEMPO/ProcLib/RIGSETUP.pro(112) : ERROR Error - 'wbOff' not explicitly declared.
C:/TEMPO/ProcLib/RIGSETUP.pro(117) : ERROR Error - 'Scr_width' not explicitly declared.
C:/TEMPO/ProcLib/RIGSETUP.pro(118) : ERROR Error - 'Scr_height' not explicitly declared.
C:/TEMPO/ProcLib/RIGSETUP.pro(119) : ERROR Error - 'Subj_dist' not explicitly declared.
C:/TEMPO/ProcLib/RIGSETUP.pro(122) : ERROR Error - 'PD_left' not explicitly declared.
C:/TEMPO/ProcLib/RIGSETUP.pro(123) : ERROR Error - 'PD_bottom' not explicitly declared.
C:/TEMPO/ProcLib/RIGSETUP.pro(124) : ERROR Error - 'PD_size' not explicitly declared.
C:/TEMPO/ProcLib/RIGSETUP.pro(127) : ERROR Error - 'Scr_pixX' not explicitly declared.
C:/TEMPO/ProcLib/RIGSETUP.pro(128) : ERROR Error - 'Scr_pixY' not explicitly declared.
C:/TEMPO/ProcLib/RIGSETUP.pro(129) : ERROR Error - 'Refresh_rate' not explicitly declared.
C:/TEMPO/ProcLib/RIGSETUP.pro(133) : ERROR Error - 'X_Gain' not explicitly declared.
C:/TEMPO/ProcLib/RIGSETUP.pro(134) : ERROR Error - 'Y_Gain' not explicitly declared.
C:/TEMPO/ProcLib/RIGSETUP.pro(137) : ERROR Error - 'Juice_channel' not explicitly declared.
C:/TEMPO/ProcLib/RIGSETUP.pro(138) : ERROR Error - 'Stim_channel' not explicitly declared.
C:/TEMPO/ProcLib/RIGSETUP.pro(139) : ERROR Error - 'Eye_X_channel' not explicitly declared.
C:/TEMPO/ProcLib/RIGSETUP.pro(140) : ERROR Error - 'Eye_Y_channel' not explicitly declared.
C:/TEMPO/ProcLib/RIGSETUP.pro(141) : ERROR Error - 'PhotoD_channel' not explicitly declared.
C:/TEMPO/ProcLib/RIGSETUP.pro(142) : ERROR Error - 'MaxVoltage' not explicitly declared.
C:/TEMPO/ProcLib/RIGSETUP.pro(143) : ERROR Error - 'AnalogUnits' not explicitly declared.
C:/TEMPO/ProcLib/RIGSETUP.pro(147) : ERROR Error - 'CheckMouth' not explicitly declared.
C:/TEMPO/ProcLib/RIGSETUP.pro(148) : ERROR Error - 'CheckBody' not explicitly declared.
C:/TEMPO/ProcLib/RIGSETUP.pro(150) : ERROR Error - 'redVal' not explicitly declared.
C:/TEMPO/ProcLib/RIGSETUP.pro(151) : ERROR Error - 'greenVal' not explicitly declared.
C:/TEMPO/ProcLib/RIGSETUP.pro(152) : ERROR Error - 'blueVal' not explicitly declared.
C:/TEMPO/ProcLib/RIGSETUP.pro(153) : ERROR Error - 'yrOff' not explicitly declared.
C:/TEMPO/ProcLib/RIGSETUP.pro(154) : ERROR Error - 'ygOff' not explicitly declared.
C:/TEMPO/ProcLib/RIGSETUP.pro(155) : ERROR Error - 'mrOff' not explicitly declared.
C:/TEMPO/ProcLib/RIGSETUP.pro(156) : ERROR Error - 'mbOff' not explicitly declared.
C:/TEMPO/ProcLib/RIGSETUP.pro(157) : ERROR Error - 'cgOff' not explicitly declared.
C:/TEMPO/ProcLib/RIGSETUP.pro(158) : ERROR Error - 'cbOff' not explicitly declared.
C:/TEMPO/ProcLib/RIGSETUP.pro(159) : ERROR Error - 'wrOff' not explicitly declared.
C:/TEMPO/ProcLib/RIGSETUP.pro(160) : ERROR Error - 'wgOff' not explicitly declared.
C:/TEMPO/ProcLib/RIGSETUP.pro(161) : ERROR Error - 'wbOff' not explicitly declared.
C:/TEMPO/ProcLib/RIGSETUP.pro(166) : ERROR Error - 'Scr_width' not explicitly declared.
C:/TEMPO/ProcLib/RIGSETUP.pro(167) : ERROR Error - 'Scr_height' not explicitly declared.
C:/TEMPO/ProcLib/RIGSETUP.pro(168) : ERROR Error - 'Subj_dist' not explicitly declared.
C:/TEMPO/ProcLib/RIGSETUP.pro(171) : ERROR Error - 'PD_left' not explicitly declared.
C:/TEMPO/ProcLib/RIGSETUP.pro(172) : ERROR Error - 'PD_bottom' not explicitly declared.
C:/TEMPO/ProcLib/RIGSETUP.pro(173) : ERROR Error - 'PD_size' not explicitly declared.
C:/TEMPO/ProcLib/RIGSETUP.pro(176) : ERROR Error - 'Scr_pixX' not explicitly declared.
C:/TEMPO/ProcLib/RIGSETUP.pro(177) : ERROR Error - 'Scr_pixY' not explicitly declared.
C:/TEMPO/ProcLib/RIGSETUP.pro(178) : ERROR Error - 'Refresh_rate' not explicitly declared.
C:/TEMPO/ProcLib/RIGSETUP.pro(182) : ERROR Error - 'X_Gain' not explicitly declared.
C:/TEMPO/ProcLib/RIGSETUP.pro(183) : ERROR Error - 'Y_Gain' not explicitly declared.
C:/TEMPO/ProcLib/RIGSETUP.pro(186) : ERROR Error - 'Juice_channel' not explicitly declared.
C:/TEMPO/ProcLib/RIGSETUP.pro(187) : ERROR Error - 'Stim_channel' not explicitly declared.
C:/TEMPO/ProcLib/RIGSETUP.pro(188) : ERROR Error - 'Eye_X_channel' not explicitly declared.
C:/TEMPO/ProcLib/RIGSETUP.pro(189) : ERROR Error - 'Eye_Y_channel' not explicitly declared.
C:/TEMPO/ProcLib/RIGSETUP.pro(190) : ERROR Error - 'PhotoD_channel' not explicitly declared.
C:/TEMPO/ProcLib/RIGSETUP.pro(191) : ERROR Error - 'MaxVoltage' not explicitly declared.
C:/TEMPO/ProcLib/RIGSETUP.pro(193) : ERROR Error - 'AnalogUnits' not explicitly declared.
C:/TEMPO/ProcLib/RIGSETUP.pro(196) : ERROR Error - 'CheckMouth' not explicitly declared.
C:/TEMPO/ProcLib/RIGSETUP.pro(197) : ERROR Error - 'CheckBody' not explicitly declared.
C:/TEMPO/ProcLib/GOODVARS.pro(57) : ERROR Error - 'Refresh_rate' not explicitly declared.
C:/TEMPO/ProcLib/GOODVARS.pro(59) : ERROR Error - 'Refresh_rate' not explicitly declared.
C:/TEMPO/ProcLib/GOODVARS.pro(154) : ERROR Error - 'Refresh_rate' not explicitly declared.
C:/TEMPO/ProcLib/GOODVARS.pro(156) : ERROR Error - 'Refresh_rate' not explicitly declared.
C:/TEMPO/ProcLib/KEY_STIM.pro(13) : ERROR Error - 'Stim_channel' not explicitly declared.
C:/TEMPO/ProcLib/WATCHEYE.pro(44) : ERROR Error - 'X_Gain' not explicitly declared.
C:/TEMPO/ProcLib/WATCHEYE.pro(44) : ERROR Error - 'X_Offset' not explicitly declared.
C:/TEMPO/ProcLib/WATCHEYE.pro(45) : ERROR Error - 'Y_Gain' not explicitly declared.
C:/TEMPO/ProcLib/WATCHEYE.pro(45) : ERROR Error - 'Y_Offset' not explicitly declared.
C:/TEMPO/ProcLib/WATCHEYE.pro(49) : ERROR Error - 'X_Offset' not explicitly declared.
C:/TEMPO/ProcLib/WATCHEYE.pro(49) : ERROR Error - 'X_Offset' not explicitly declared.
C:/TEMPO/ProcLib/WATCHEYE.pro(50) : ERROR Error - 'Y_Offset' not explicitly declared.
C:/TEMPO/ProcLib/WATCHEYE.pro(50) : ERROR Error - 'Y_Offset' not explicitly declared.
C:/TEMPO/ProcLib/WATCHMTH.pro(38) : ERROR Error - 'CheckMouth' not explicitly declared.
C:/TEMPO/ProcLib/WATCHBOD.pro(22) : ERROR Error - 'CheckBody' not explicitly declared.
C:/TEMPO/ProcLib/MGTRIAL.pro(173) : ERROR Error - 'Stim_channel' not explicitly declared.
C:/TEMPO/ProcLib/MGTRIAL.pro(179) : ERROR Error - 'Stim_channel' not explicitly declared.
C:/TEMPO/ProcLib/MGTRIAL.pro(280) : ERROR Error - 'Stim_channel' not explicitly declared.
C:/TEMPO/ProcLib/MGTRIAL.pro(286) : ERROR Error - 'Stim_channel' not explicitly declared.
C:/TEMPO/ProcLib/SCHTRIAL.pro(236) : ERROR Error - 'Stim_channel' not explicitly declared.
C:/TEMPO/ProcLib/SCHTRIAL.pro(313) : ERROR Error - 'Stim_channel' not explicitly declared.
C:/TEMPO/ProcLib/SCHTRIAL.pro(481) : ERROR Error - 'Stim_channel' not explicitly declared.
C:/TEMPO/ProcLib/SETA_TRL.pro(281) : ERROR Error - 'Scr_width' not explicitly declared.
C:/TEMPO/ProcLib/SETA_TRL.pro(282) : ERROR Error - 'Scr_height' not explicitly declared.
C:/TEMPO/ProcLib/SETA_TRL.pro(283) : ERROR Error - 'PD_left' not explicitly declared.
C:/TEMPO/ProcLib/SETA_TRL.pro(283) : ERROR Argument #9's type mismatches process ANTI_PGS's declaration.

